# JRE version: OpenJDK Runtime Environment (8.0_242-b01) (build 1.8.0_242-release-1644-b01)
# Java VM: OpenJDK 64-Bit Server VM (25.242-b01 mixed mode windows-amd64 compressed oops)
Heap:
 PSYoungGen      total 379904K, used 234789K [0x00000000d5d00000, 0x00000000f1900000, 0x0000000100000000)
  eden space 346624K, 62% used [0x00000000d5d00000,0x00000000e32316c0,0x00000000eaf80000)
  from space 33280K, 49% used [0x00000000eaf80000,0x00000000ebf97de8,0x00000000ed000000)
  to   space 32256K, 0% used [0x00000000ef980000,0x00000000ef980000,0x00000000f1900000)
 ParOldGen       total 212480K, used 97563K [0x0000000081600000, 0x000000008e580000, 0x00000000d5d00000)
  object space 212480K, 45% used [0x0000000081600000,0x0000000087546fd8,0x000000008e580000)
 Metaspace       used 100176K, capacity 106282K, committed 106392K, reserved 1140736K
  class space    used 13356K, capacity 14485K, committed 14496K, reserved 1048576K
GC Heap History (10 events):
Event: 12.616 GC heap before
{Heap before GC invocations=17 (full 3):
 PSYoungGen      total 251904K, used 251881K [0x00000000d5d00000, 0x00000000eab00000, 0x0000000100000000)
  eden space 232960K, 100% used [0x00000000d5d00000,0x00000000e4080000,0x00000000e4080000)
  from space 18944K, 99% used [0x00000000e4080000,0x00000000e52fa4f8,0x00000000e5300000)
  to   space 24064K, 0% used [0x00000000e9380000,0x00000000e9380000,0x00000000eab00000)
 ParOldGen       total 114688K, used 43709K [0x0000000081600000, 0x0000000088600000, 0x00000000d5d00000)
  object space 114688K, 38% used [0x0000000081600000,0x00000000840af5d8,0x0000000088600000)
 Metaspace       used 70825K, capacity 74804K, committed 75032K, reserved 1114112K
  class space    used 9736K, capacity 10431K, committed 10528K, reserved 1048576K
Event: 12.636 GC heap after
Heap after GC invocations=17 (full 3):
 PSYoungGen      total 307712K, used 15958K [0x00000000d5d00000, 0x00000000ea680000, 0x0000000100000000)
  eden space 288256K, 0% used [0x00000000d5d00000,0x00000000d5d00000,0x00000000e7680000)
  from space 19456K, 82% used [0x00000000e9380000,0x00000000ea315848,0x00000000ea680000)
  to   space 24576K, 0% used [0x00000000e7680000,0x00000000e7680000,0x00000000e8e80000)
 ParOldGen       total 114688K, used 59454K [0x0000000081600000, 0x0000000088600000, 0x00000000d5d00000)
  object space 114688K, 51% used [0x0000000081600000,0x000000008500f888,0x0000000088600000)
 Metaspace       used 70825K, capacity 74804K, committed 75032K, reserved 1114112K
  class space    used 9736K, capacity 10431K, committed 10528K, reserved 1048576K
}
Event: 45.794 GC heap before
{Heap before GC invocations=18 (full 3):
 PSYoungGen      total 307712K, used 304214K [0x00000000d5d00000, 0x00000000ea680000, 0x0000000100000000)
  eden space 288256K, 100% used [0x00000000d5d00000,0x00000000e7680000,0x00000000e7680000)
  from space 19456K, 82% used [0x00000000e9380000,0x00000000ea315848,0x00000000ea680000)
  to   space 24576K, 0% used [0x00000000e7680000,0x00000000e7680000,0x00000000e8e80000)
 ParOldGen       total 114688K, used 59454K [0x0000000081600000, 0x0000000088600000, 0x00000000d5d00000)
  object space 114688K, 51% used [0x0000000081600000,0x000000008500f888,0x0000000088600000)
 Metaspace       used 82282K, capacity 86702K, committed 86808K, reserved 1124352K
  class space    used 11205K, capacity 12001K, committed 12064K, reserved 1048576K
Event: 45.998 GC heap after
Heap after GC invocations=18 (full 3):
 PSYoungGen      total 312832K, used 24567K [0x00000000d5d00000, 0x00000000ef300000, 0x0000000100000000)
  eden space 288256K, 0% used [0x00000000d5d00000,0x00000000d5d00000,0x00000000e7680000)
  from space 24576K, 99% used [0x00000000e7680000,0x00000000e8e7dc08,0x00000000e8e80000)
  to   space 33792K, 0% used [0x00000000ed200000,0x00000000ed200000,0x00000000ef300000)
 ParOldGen       total 114688K, used 74171K [0x0000000081600000, 0x0000000088600000, 0x00000000d5d00000)
  object space 114688K, 64% used [0x0000000081600000,0x0000000085e6ed90,0x0000000088600000)
 Metaspace       used 82282K, capacity 86702K, committed 86808K, reserved 1124352K
  class space    used 11205K, capacity 12001K, committed 12064K, reserved 1048576K
}
Event: 50.706 GC heap before
{Heap before GC invocations=19 (full 3):
 PSYoungGen      total 312832K, used 312823K [0x00000000d5d00000, 0x00000000ef300000, 0x0000000100000000)
  eden space 288256K, 100% used [0x00000000d5d00000,0x00000000e7680000,0x00000000e7680000)
  from space 24576K, 99% used [0x00000000e7680000,0x00000000e8e7dc08,0x00000000e8e80000)
  to   space 33792K, 0% used [0x00000000ed200000,0x00000000ed200000,0x00000000ef300000)
 ParOldGen       total 114688K, used 74171K [0x0000000081600000, 0x0000000088600000, 0x00000000d5d00000)
  object space 114688K, 64% used [0x0000000081600000,0x0000000085e6ed90,0x0000000088600000)
 Metaspace       used 85303K, capacity 89890K, committed 90136K, reserved 1126400K
  class space    used 11460K, capacity 12217K, committed 12320K, reserved 1048576K
Event: 50.797 GC heap after
Heap after GC invocations=19 (full 3):
 PSYoungGen      total 377856K, used 17284K [0x00000000d5d00000, 0x00000000ef080000, 0x0000000100000000)
  eden space 346624K, 0% used [0x00000000d5d00000,0x00000000d5d00000,0x00000000eaf80000)
  from space 31232K, 55% used [0x00000000ed200000,0x00000000ee2e12a8,0x00000000ef080000)
  to   space 33280K, 0% used [0x00000000eaf80000,0x00000000eaf80000,0x00000000ed000000)
 ParOldGen       total 114688K, used 95288K [0x0000000081600000, 0x0000000088600000, 0x00000000d5d00000)
  object space 114688K, 83% used [0x0000000081600000,0x000000008730e218,0x0000000088600000)
 Metaspace       used 85303K, capacity 89890K, committed 90136K, reserved 1126400K
  class space    used 11460K, capacity 12217K, committed 12320K, reserved 1048576K
}
Event: 50.797 GC heap before
{Heap before GC invocations=20 (full 4):
 PSYoungGen      total 377856K, used 17284K [0x00000000d5d00000, 0x00000000ef080000, 0x0000000100000000)
  eden space 346624K, 0% used [0x00000000d5d00000,0x00000000d5d00000,0x00000000eaf80000)
  from space 31232K, 55% used [0x00000000ed200000,0x00000000ee2e12a8,0x00000000ef080000)
  to   space 33280K, 0% used [0x00000000eaf80000,0x00000000eaf80000,0x00000000ed000000)
 ParOldGen       total 114688K, used 95288K [0x0000000081600000, 0x0000000088600000, 0x00000000d5d00000)
  object space 114688K, 83% used [0x0000000081600000,0x000000008730e218,0x0000000088600000)
 Metaspace       used 85303K, capacity 89890K, committed 90136K, reserved 1126400K
  class space    used 11460K, capacity 12217K, committed 12320K, reserved 1048576K
Event: 51.645 GC heap after
Heap after GC invocations=20 (full 4):
 PSYoungGen      total 377856K, used 0K [0x00000000d5d00000, 0x00000000ef080000, 0x0000000100000000)
  eden space 346624K, 0% used [0x00000000d5d00000,0x00000000d5d00000,0x00000000eaf80000)
  from space 31232K, 0% used [0x00000000ed200000,0x00000000ed200000,0x00000000ef080000)
  to   space 33280K, 0% used [0x00000000eaf80000,0x00000000eaf80000,0x00000000ed000000)
 ParOldGen       total 212480K, used 97555K [0x0000000081600000, 0x000000008e580000, 0x00000000d5d00000)
  object space 212480K, 45% used [0x0000000081600000,0x0000000087544fd8,0x000000008e580000)
 Metaspace       used 84690K, capacity 88460K, committed 90136K, reserved 1126400K
  class space    used 11320K, capacity 11970K, committed 12320K, reserved 1048576K
}
Event: 64.275 GC heap before
{Heap before GC invocations=21 (full 4):
 PSYoungGen      total 377856K, used 346624K [0x00000000d5d00000, 0x00000000ef080000, 0x0000000100000000)
  eden space 346624K, 100% used [0x00000000d5d00000,0x00000000eaf80000,0x00000000eaf80000)
  from space 31232K, 0% used [0x00000000ed200000,0x00000000ed200000,0x00000000ef080000)
  to   space 33280K, 0% used [0x00000000eaf80000,0x00000000eaf80000,0x00000000ed000000)
 ParOldGen       total 212480K, used 97555K [0x0000000081600000, 0x000000008e580000, 0x00000000d5d00000)
  object space 212480K, 45% used [0x0000000081600000,0x0000000087544fd8,0x000000008e580000)
 Metaspace       used 90544K, capacity 94492K, committed 95512K, reserved 1132544K
  class space    used 11789K, capacity 12554K, committed 12832K, reserved 1048576K
Event: 64.303 GC heap after
Heap after GC invocations=21 (full 4):
 PSYoungGen      total 379904K, used 16479K [0x00000000d5d00000, 0x00000000f1900000, 0x0000000100000000)
  eden space 346624K, 0% used [0x00000000d5d00000,0x00000000d5d00000,0x00000000eaf80000)
  from space 33280K, 49% used [0x00000000eaf80000,0x00000000ebf97de8,0x00000000ed000000)
  to   space 32256K, 0% used [0x00000000ef980000,0x00000000ef980000,0x00000000f1900000)
 ParOldGen       total 212480K, used 97563K [0x0000000081600000, 0x000000008e580000, 0x00000000d5d00000)
  object space 212480K, 45% used [0x0000000081600000,0x0000000087546fd8,0x000000008e580000)
 Metaspace       used 90544K, capacity 94492K, committed 95512K, reserved 1132544K
  class space    used 11789K, capacity 12554K, committed 12832K, reserved 1048576K
}

